lib/build/outputs/mapping/release/seeds.txt
com.ys.R$array: int baudrates_name
com.ys.R$array: int baudrates_value
com.ys.R$dimen: int activity_horizontal_margin
com.ys.R$dimen: int activity_vertical_margin
com.ys.R$drawable: int icon
com.ys.R$id: int Button01010101
com.ys.R$id: int ButtonAbout
com.ys.R$id: int ButtonConsole
com.ys.R$id: int ButtonLoopback
com.ys.R$id: int ButtonQuit
com.ys.R$id: int ButtonSetup
com.ys.R$id: int EditTextEmission
com.ys.R$id: int EditTextReception
com.ys.R$id: int LinearLayoutOutgoing
com.ys.R$id: int LinearLayoutReceived
com.ys.R$id: int TextViewIncoming
com.ys.R$id: int TextViewIncomingValue
com.ys.R$id: int TextViewOutgoing
com.ys.R$id: int TextViewOutgoingValue
com.ys.R$id: int btn_out
com.ys.R$id: int btn_select
com.ys.R$id: int editText
com.ys.R$id: int linearLayout1
com.ys.R$id: int linearLayoutCorrupted
com.ys.R$id: int linearLayoutLost
com.ys.R$id: int textView1
com.ys.R$id: int textViewCorrupted
com.ys.R$id: int textViewCorruptedValue
com.ys.R$id: int textViewLost
com.ys.R$id: int textViewLostValue
com.ys.R$id: int text_data
com.ys.R$id: int text_recive
com.ys.R$id: int text_send
com.ys.R$layout: int activity_main
com.ys.R$layout: int console
com.ys.R$layout: int loopback
com.ys.R$layout: int main
com.ys.R$layout: int select_goods
com.ys.R$layout: int sending01010101
com.ys.R$string: int about_msg
com.ys.R$string: int app_name
com.ys.R$string: int error_configuration
com.ys.R$string: int error_security
com.ys.R$string: int error_unknown
com.ys.R$xml: int serial_port_preferences
com.ys.SerialPort
com.ys.SerialPort: java.io.FileDescriptor open(java.lang.String,int,int)
com.ys.SerialPort: void close()