lib/build/outputs/mapping/release/usage.txt
com.ys.BufferData
com.ys.BuildConfig
com.ys.BytesUtil
com.ys.GetBytesUtils
com.ys.MsgHandler
com.ys.R
com.ys.R$array
com.ys.R$attr
com.ys.R$dimen
com.ys.R$drawable
com.ys.R$id
com.ys.R$layout
com.ys.R$string
com.ys.R$xml
com.ys.RobotEvent
com.ys.RobotEventArg
com.ys.SerialPort
com.ys.SerialPortDataReceive
com.ys.SerialPortFinder
com.ys.SerialPortFinder$Driver
com.ys.SerialPortUtil
com.ys.SerialPortUtil$1
com.ys.SerialPortUtil$OnDataReceiveListener
com.ys.SerialPortUtil$ReadThread